<?xml version="1.0" encoding="UTF-8"?>
<!-- Generated by org.testng.reporters.JUnitReportReporter -->
<testsuite hostname="DESKTOP-EGG2D6A" failures="0" tests="1" name="FirstRestAssuredTest" time="5.081" errors="0" timestamp="09 Mar 2022 18:03:31 GMT" skipped="0">
  <testcase classname="FirstRestAssuredTest" name="GetBooksDetails" time="5.081"/>
</testsuite> <!-- FirstRestAssuredTest -->
